TN:
SF:src/api/auth.ts
FN:5,(anonymous_0)
FN:15,(anonymous_1)
FN:20,(anonymous_2)
FN:25,(anonymous_3)
FNF:4
FNH:3
FNDA:1,(anonymous_0)
FNDA:1,(anonymous_1)
FNDA:0,(anonymous_2)
FNDA:1,(anonymous_3)
DA:4,1
DA:6,1
DA:7,1
DA:8,1
DA:9,1
DA:12,1
DA:16,1
DA:17,1
DA:21,0
DA:22,0
DA:26,1
LF:11
LH:9
BRF:0
BRH:0
end_of_record
TN:
SF:src/api/client.ts
FN:13,(anonymous_0)
FN:21,(anonymous_1)
FN:22,(anonymous_2)
FN:33,getItems
FN:40,(anonymous_4)
FNF:5
FNH:0
FNDA:0,(anonymous_0)
FNDA:0,(anonymous_1)
FNDA:0,(anonymous_2)
FNDA:0,getItems
FNDA:0,(anonymous_4)
DA:4,1
DA:6,1
DA:13,1
DA:14,0
DA:15,0
DA:16,0
DA:18,0
DA:21,1
DA:22,0
DA:24,0
DA:25,0
DA:26,0
DA:28,0
DA:34,0
DA:35,0
DA:36,0
DA:37,0
DA:40,1
DA:41,0
DA:42,0
DA:43,0
LF:21
LH:5
BRDA:4,0,0,1
BRDA:4,0,1,0
BRDA:15,1,0,0
BRDA:15,1,1,0
BRDA:24,2,0,0
BRDA:24,2,1,0
BRDA:34,3,0,0
BRDA:34,3,1,0
BRDA:35,4,0,0
BRDA:35,4,1,0
BRDA:35,5,0,0
BRDA:35,5,1,0
BRDA:35,5,2,0
BRDA:36,6,0,0
BRDA:36,6,1,0
BRDA:43,7,0,0
BRDA:43,7,1,0
BRF:17
BRH:1
end_of_record
TN:
SF:src/components/Layout/Sidebar.tsx
FN:69,Sidebar
FN:87,(anonymous_1)
FN:92,(anonymous_2)
FNF:3
FNH:3
FNDA:4,Sidebar
FNDA:108,(anonymous_1)
FNDA:108,(anonymous_2)
DA:39,1
DA:70,4
DA:88,108
DA:93,108
LF:4
LH:4
BRDA:76,0,0,1
BRDA:76,0,1,3
BRDA:83,1,0,4
BRDA:83,1,1,3
BRDA:95,2,0,4
BRDA:95,2,1,104
BRDA:99,3,0,27
BRDA:99,3,1,81
BRDA:104,4,0,108
BRDA:104,4,1,81
BRDA:113,5,0,1
BRDA:113,5,1,3
BRF:12
BRH:12
end_of_record
TN:
SF:src/components/UI/Button.tsx
FN:10,Button
FNF:1
FNH:1
FNDA:18,Button
DA:20,18
DA:22,18
DA:31,18
DA:37,18
LF:4
LH:4
BRDA:11,0,0,18
BRDA:12,1,0,18
BRDA:16,2,0,18
BRDA:40,3,0,18
BRDA:40,3,1,18
BRDA:43,4,0,18
BRDA:43,4,1,0
BRF:7
BRH:6
end_of_record
TN:
SF:src/components/UI/Input.tsx
FN:8,(anonymous_0)
FNF:1
FNH:1
FNDA:13,(anonymous_0)
DA:8,1
DA:10,13
DA:36,1
LF:3
LH:3
BRDA:9,0,0,13
BRDA:12,1,0,13
BRDA:12,1,1,13
BRDA:25,2,0,0
BRDA:25,2,1,13
BRDA:30,3,0,13
BRDA:30,3,1,0
BRF:7
BRH:5
end_of_record
TN:
SF:src/pages/Login.tsx
FN:11,Login
FN:23,(anonymous_1)
FN:76,(anonymous_2)
FN:85,(anonymous_3)
FN:94,(anonymous_4)
FN:122,(anonymous_5)
FN:136,(anonymous_6)
FN:152,(anonymous_7)
FNF:8
FNH:2
FNDA:6,Login
FNDA:0,(anonymous_1)
FNDA:0,(anonymous_2)
FNDA:0,(anonymous_3)
FNDA:0,(anonymous_4)
FNDA:0,(anonymous_5)
FNDA:0,(anonymous_6)
FNDA:1,(anonymous_7)
DA:12,6
DA:13,6
DA:14,6
DA:15,6
DA:16,6
DA:17,6
DA:19,6
DA:20,6
DA:21,6
DA:23,6
DA:24,0
DA:25,0
DA:26,0
DA:28,0
DA:29,0
DA:30,0
DA:32,0
DA:33,0
DA:34,0
DA:35,0
DA:36,0
DA:39,0
DA:42,0
DA:44,0
DA:48,6
DA:76,0
DA:85,0
DA:94,0
DA:123,0
DA:124,0
DA:125,0
DA:127,0
DA:137,0
DA:138,0
DA:139,0
DA:141,0
DA:153,1
DA:154,1
LF:38
LH:13
BRDA:29,0,0,0
BRDA:29,0,1,0
BRDA:39,1,0,0
BRDA:39,1,1,0
BRDA:39,2,0,0
BRDA:39,2,1,0
BRDA:39,2,2,0
BRDA:42,3,0,0
BRDA:42,3,1,0
BRDA:42,4,0,0
BRDA:42,4,1,0
BRDA:54,5,0,6
BRDA:54,5,1,0
BRDA:63,6,0,1
BRDA:63,6,1,5
BRDA:66,7,0,1
BRDA:66,7,1,5
BRDA:80,8,0,6
BRDA:80,8,1,1
BRDA:99,9,0,6
BRDA:99,9,1,0
BRDA:102,10,0,1
BRDA:102,10,1,5
BRDA:158,11,0,1
BRDA:158,11,1,5
BRF:25
BRH:12
end_of_record
TN:
SF:src/store/authStore.ts
FN:16,(anonymous_0)
FN:21,(anonymous_1)
FN:22,(anonymous_2)
FN:23,(anonymous_3)
FN:24,(anonymous_4)
FNF:5
FNH:1
FNDA:2,(anonymous_0)
FNDA:0,(anonymous_1)
FNDA:0,(anonymous_2)
FNDA:0,(anonymous_3)
FNDA:0,(anonymous_4)
DA:15,2
DA:17,2
DA:21,0
DA:22,0
DA:23,0
DA:24,0
LF:6
LH:2
BRF:0
BRH:0
end_of_record
TN:
SF:src/store/themeStore.ts
FN:11,(anonymous_0)
FN:14,(anonymous_1)
FN:15,(anonymous_2)
FN:20,(anonymous_3)
FN:27,(anonymous_4)
FNF:5
FNH:2
FNDA:1,(anonymous_0)
FNDA:0,(anonymous_1)
FNDA:0,(anonymous_2)
FNDA:0,(anonymous_3)
FNDA:2,(anonymous_4)
DA:10,1
DA:12,1
DA:15,0
DA:16,0
DA:17,0
DA:18,0
DA:21,0
DA:22,0
DA:27,1
DA:28,1
DA:29,1
LF:11
LH:5
BRDA:16,0,0,0
BRDA:16,0,1,0
BRDA:28,1,0,1
BRDA:28,1,1,0
BRF:4
BRH:1
end_of_record
